This is pdfTeX, Version 3.141592653-2.6-1.40.24 (TeX Live 2022/Debian) (preloaded format=pdflatex 2025.11.12)  15 NOV 2025 21:21
entering extended mode
 restricted \write18 enabled.
 file:line:error style messages enabled.
 %&-line parsing enabled.
**/home/r-one/Documents/epita/stochastique/Prediction-Conforme-et-Regression-Quantile-sur-le-Risque-de-Credit/reports/rapport.tex
(/home/r-one/Documents/epita/stochastique/Prediction-Conforme-et-Regression-Quantile-sur-le-Risque-de-Credit/reports/rapport.tex
LaTeX2e <2022-11-01> patch level 1
L3 programming layer <2023-01-16> (/usr/share/texlive/texmf-dist/tex/latex/base/article.cls
Document Class: article 2022/07/02 v1.4n Standard LaTeX document class
(/usr/share/texlive/texmf-dist/tex/latex/base/size11.clo
File: size11.clo 2022/07/02 v1.4n Standard LaTeX file (size option)
)
\c@part=\count185
\c@section=\count186
\c@subsection=\count187
\c@subsubsection=\count188
\c@paragraph=\count189
\c@subparagraph=\count190
\c@figure=\count191
\c@table=\count192
\abovecaptionskip=\skip48
\belowcaptionskip=\skip49
\bibindent=\dimen140
) (/usr/share/texlive/texmf-dist/tex/latex/base/inputenc.sty
Package: inputenc 2021/02/14 v1.3d Input encoding file
\inpenc@prehook=\toks16
\inpenc@posthook=\toks17
) (/usr/share/texlive/texmf-dist/tex/latex/base/fontenc.sty
Package: fontenc 2021/04/29 v2.0v Standard LaTeX package
) (/usr/share/texlive/texmf-dist/tex/latex/geometry/geometry.sty
Package: geometry 2020/01/02 v5.9 Page Geometry
 (/usr/share/texlive/texmf-dist/tex/latex/graphics/keyval.sty
Package: keyval 2022/05/29 v1.15 key=value parser (DPC)
\KV@toks@=\toks18
) (/usr/share/texlive/texmf-dist/tex/generic/iftex/ifvtex.sty
Package: ifvtex 2019/10/25 v1.7 ifvtex legacy package. Use iftex instead.
 (/usr/share/texlive/texmf-dist/tex/generic/iftex/iftex.sty
Package: iftex 2022/02/03 v1.0f TeX engine tests
))
\Gm@cnth=\count193
\Gm@cntv=\count194
\c@Gm@tempcnt=\count195
\Gm@bindingoffset=\dimen141
\Gm@wd@mp=\dimen142
\Gm@odd@mp=\dimen143
\Gm@even@mp=\dimen144
\Gm@layoutwidth=\dimen145
\Gm@layoutheight=\dimen146
\Gm@layouthoffset=\dimen147
\Gm@layoutvoffset=\dimen148
\Gm@dimlist=\toks19
) (/usr/share/texlive/texmf-dist/tex/latex/graphics/graphicx.sty
Package: graphicx 2021/09/16 v1.2d Enhanced LaTeX Graphics (DPC,SPQR)
 (/usr/share/texlive/texmf-dist/tex/latex/graphics/graphics.sty
Package: graphics 2022/03/10 v1.4e Standard LaTeX Graphics (DPC,SPQR)
 (/usr/share/texlive/texmf-dist/tex/latex/graphics/trig.sty
Package: trig 2021/08/11 v1.11 sin cos tan (DPC)
) (/usr/share/texlive/texmf-dist/tex/latex/graphics-cfg/graphics.cfg
File: graphics.cfg 2016/06/04 v1.11 sample graphics configuration
)
Package graphics Info: Driver file: pdftex.def on input line 107.
 (/usr/share/texlive/texmf-dist/tex/latex/graphics-def/pdftex.def
File: pdftex.def 2022/09/22 v1.2b Graphics/color driver for pdftex
))
\Gin@req@height=\dimen149
\Gin@req@width=\dimen150
) (/usr/share/texlive/texmf-dist/tex/latex/setspace/setspace.sty
Package: setspace 2022/12/04 v6.7b set line spacing
) (/usr/share/texlive/texmf-dist/tex/latex/psnfss/mathpazo.sty
Package: mathpazo 2020/03/25 PSNFSS-v9.3 Palatino w/ Pazo Math (D.Puga, WaS) 
\symupright=\mathgroup4
) (/usr/share/texlive/texmf-dist/tex/latex/amsmath/amsmath.sty
Package: amsmath 2022/04/08 v2.17n AMS math features
\@mathmargin=\skip50

For additional information on amsmath, use the `?' option.
(/usr/share/texlive/texmf-dist/tex/latex/amsmath/amstext.sty
Package: amstext 2021/08/26 v2.01 AMS text
 (/usr/share/texlive/texmf-dist/tex/latex/amsmath/amsgen.sty
File: amsgen.sty 1999/11/30 v2.0 generic functions
\@emptytoks=\toks20
\ex@=\dimen151
)) (/usr/share/texlive/texmf-dist/tex/latex/amsmath/amsbsy.sty
Package: amsbsy 1999/11/29 v1.2d Bold Symbols
\pmbraise@=\dimen152
) (/usr/share/texlive/texmf-dist/tex/latex/amsmath/amsopn.sty
Package: amsopn 2022/04/08 v2.04 operator names
)
\inf@bad=\count196
LaTeX Info: Redefining \frac on input line 234.
\uproot@=\count197
\leftroot@=\count198
LaTeX Info: Redefining \overline on input line 399.
LaTeX Info: Redefining \colon on input line 410.
\classnum@=\count199
\DOTSCASE@=\count266
LaTeX Info: Redefining \ldots on input line 496.
LaTeX Info: Redefining \dots on input line 499.
LaTeX Info: Redefining \cdots on input line 620.
\Mathstrutbox@=\box51
\strutbox@=\box52
LaTeX Info: Redefining \big on input line 722.
LaTeX Info: Redefining \Big on input line 723.
LaTeX Info: Redefining \bigg on input line 724.
LaTeX Info: Redefining \Bigg on input line 725.
\big@size=\dimen153
LaTeX Font Info:    Redeclaring font encoding OML on input line 743.
LaTeX Font Info:    Redeclaring font encoding OMS on input line 744.
\macc@depth=\count267
LaTeX Info: Redefining \bmod on input line 905.
LaTeX Info: Redefining \pmod on input line 910.
LaTeX Info: Redefining \smash on input line 940.
LaTeX Info: Redefining \relbar on input line 970.
LaTeX Info: Redefining \Relbar on input line 971.
\c@MaxMatrixCols=\count268
\dotsspace@=\muskip16
\c@parentequation=\count269
\dspbrk@lvl=\count270
\tag@help=\toks21
\row@=\count271
\column@=\count272
\maxfields@=\count273
\andhelp@=\toks22
\eqnshift@=\dimen154
\alignsep@=\dimen155
\tagshift@=\dimen156
\tagwidth@=\dimen157
\totwidth@=\dimen158
\lineht@=\dimen159
\@envbody=\toks23
\multlinegap=\skip51
\multlinetaggap=\skip52
\mathdisplay@stack=\toks24
LaTeX Info: Redefining \[ on input line 2953.
LaTeX Info: Redefining \] on input line 2954.
) (/usr/share/texlive/texmf-dist/tex/latex/amsfonts/amssymb.sty
Package: amssymb 2013/01/14 v3.01 AMS font symbols
 (/usr/share/texlive/texmf-dist/tex/latex/amsfonts/amsfonts.sty
Package: amsfonts 2013/01/14 v3.01 Basic AMSFonts support
\symAMSa=\mathgroup5
\symAMSb=\mathgroup6
LaTeX Font Info:    Redeclaring math symbol \hbar on input line 98.
LaTeX Font Info:    Overwriting math alphabet `\mathfrak' in version `bold'
(Font)                  U/euf/m/n --> U/euf/b/n on input line 106.
)) (/usr/share/texlive/texmf-dist/tex/latex/pgf/frontendlayer/tikz.sty (/usr/share/texlive/texmf-dist/tex/latex/pgf/basiclayer/pgf.sty (/usr/share/texlive/texmf-dist/tex/latex/pgf/utilities/pgfrcs.sty (/usr/share/texlive/texmf-dist/tex/generic/pgf/utilities/pgfutil-common.tex
\pgfutil@everybye=\toks25
\pgfutil@tempdima=\dimen160
\pgfutil@tempdimb=\dimen161
) (/usr/share/texlive/texmf-dist/tex/generic/pgf/utilities/pgfutil-latex.def
\pgfutil@abb=\box53
) (/usr/share/texlive/texmf-dist/tex/generic/pgf/utilities/pgfrcs.code.tex (/usr/share/texlive/texmf-dist/tex/generic/pgf/pgf.revision.tex)
Package: pgfrcs 2023-01-15 v3.1.10 (3.1.10)
))
Package: pgf 2023-01-15 v3.1.10 (3.1.10)
 (/usr/share/texlive/texmf-dist/tex/latex/pgf/basiclayer/pgfcore.sty (/usr/share/texlive/texmf-dist/tex/latex/pgf/systemlayer/pgfsys.sty (/usr/share/texlive/texmf-dist/tex/generic/pgf/systemlayer/pgfsys.code.tex
Package: pgfsys 2023-01-15 v3.1.10 (3.1.10)
 (/usr/share/texlive/texmf-dist/tex/generic/pgf/utilities/pgfkeys.code.tex
\pgfkeys@pathtoks=\toks26
\pgfkeys@temptoks=\toks27
 (/usr/share/texlive/texmf-dist/tex/generic/pgf/utilities/pgfkeyslibraryfiltered.code.tex
\pgfkeys@tmptoks=\toks28
))
\pgf@x=\dimen162
\pgf@y=\dimen163
\pgf@xa=\dimen164
\pgf@ya=\dimen165
\pgf@xb=\dimen166
\pgf@yb=\dimen167
\pgf@xc=\dimen168
\pgf@yc=\dimen169
\pgf@xd=\dimen170
\pgf@yd=\dimen171
\w@pgf@writea=\write3
\r@pgf@reada=\read2
\c@pgf@counta=\count274
\c@pgf@countb=\count275
\c@pgf@countc=\count276
\c@pgf@countd=\count277
\t@pgf@toka=\toks29
\t@pgf@tokb=\toks30
\t@pgf@tokc=\toks31
\pgf@sys@id@count=\count278
 (/usr/share/texlive/texmf-dist/tex/generic/pgf/systemlayer/pgf.cfg
File: pgf.cfg 2023-01-15 v3.1.10 (3.1.10)
)
Driver file for pgf: pgfsys-pdftex.def
 (/usr/share/texlive/texmf-dist/tex/generic/pgf/systemlayer/pgfsys-pdftex.def
File: pgfsys-pdftex.def 2023-01-15 v3.1.10 (3.1.10)
 (/usr/share/texlive/texmf-dist/tex/generic/pgf/systemlayer/pgfsys-common-pdf.def
File: pgfsys-common-pdf.def 2023-01-15 v3.1.10 (3.1.10)
))) (/usr/share/texlive/texmf-dist/tex/generic/pgf/systemlayer/pgfsyssoftpath.code.tex
File: pgfsyssoftpath.code.tex 2023-01-15 v3.1.10 (3.1.10)
\pgfsyssoftpath@smallbuffer@items=\count279
\pgfsyssoftpath@bigbuffer@items=\count280
) (/usr/share/texlive/texmf-dist/tex/generic/pgf/systemlayer/pgfsysprotocol.code.tex
File: pgfsysprotocol.code.tex 2023-01-15 v3.1.10 (3.1.10)
)) (/usr/share/texlive/texmf-dist/tex/latex/xcolor/xcolor.sty
Package: xcolor 2022/06/12 v2.14 LaTeX color extensions (UK)
 (/usr/share/texlive/texmf-dist/tex/latex/graphics-cfg/color.cfg
File: color.cfg 2016/01/02 v1.6 sample color configuration
)
Package xcolor Info: Driver file: pdftex.def on input line 227.
 (/usr/share/texlive/texmf-dist/tex/latex/graphics/mathcolor.ltx)
Package xcolor Info: Model `cmy' substituted by `cmy0' on input line 1353.
Package xcolor Info: Model `hsb' substituted by `rgb' on input line 1357.
Package xcolor Info: Model `RGB' extended on input line 1369.
Package xcolor Info: Model `HTML' substituted by `rgb' on input line 1371.
Package xcolor Info: Model `Hsb' substituted by `hsb' on input line 1372.
Package xcolor Info: Model `tHsb' substituted by `hsb' on input line 1373.
Package xcolor Info: Model `HSB' substituted by `hsb' on input line 1374.
Package xcolor Info: Model `Gray' substituted by `gray' on input line 1375.
Package xcolor Info: Model `wave' substituted by `hsb' on input line 1376.
) (/usr/share/texlive/texmf-dist/tex/generic/pgf/basiclayer/pgfcore.code.tex
Package: pgfcore 2023-01-15 v3.1.10 (3.1.10)
 (/usr/share/texlive/texmf-dist/tex/generic/pgf/math/pgfmath.code.tex (/usr/share/texlive/texmf-dist/tex/generic/pgf/math/pgfmathutil.code.tex) (/usr/share/texlive/texmf-dist/tex/generic/pgf/math/pgfmathparser.code.tex
\pgfmath@dimen=\dimen172
\pgfmath@count=\count281
\pgfmath@box=\box54
\pgfmath@toks=\toks32
\pgfmath@stack@operand=\toks33
\pgfmath@stack@operation=\toks34
) (/usr/share/texlive/texmf-dist/tex/generic/pgf/math/pgfmathfunctions.code.tex) (/usr/share/texlive/texmf-dist/tex/generic/pgf/math/pgfmathfunctions.basic.code.tex) (/usr/share/texlive/texmf-dist/tex/generic/pgf/math/pgfmathfunctions.trigonometric.code.tex) (/usr/share/texlive/texmf-dist/tex/generic/pgf/math/pgfmathfunctions.random.code.tex) (/usr/share/texlive/texmf-dist/tex/generic/pgf/math/pgfmathfunctions.comparison.code.tex) (/usr/share/texlive/texmf-dist/tex/generic/pgf/math/pgfmathfunctions.base.code.tex) (/usr/share/texlive/texmf-dist/tex/generic/pgf/math/pgfmathfunctions.round.code.tex) (/usr/share/texlive/texmf-dist/tex/generic/pgf/math/pgfmathfunctions.misc.code.tex) (/usr/share/texlive/texmf-dist/tex/generic/pgf/math/pgfmathfunctions.integerarithmetics.code.tex) (/usr/share/texlive/texmf-dist/tex/generic/pgf/math/pgfmathcalc.code.tex) (/usr/share/texlive/texmf-dist/tex/generic/pgf/math/pgfmathfloat.code.tex
\c@pgfmathroundto@lastzeros=\count282
)) (/usr/share/texlive/texmf-dist/tex/generic/pgf/math/pgfint.code.tex) (/usr/share/texlive/texmf-dist/tex/generic/pgf/basiclayer/pgfcorepoints.code.tex
File: pgfcorepoints.code.tex 2023-01-15 v3.1.10 (3.1.10)
\pgf@picminx=\dimen173
\pgf@picmaxx=\dimen174
\pgf@picminy=\dimen175
\pgf@picmaxy=\dimen176
\pgf@pathminx=\dimen177
\pgf@pathmaxx=\dimen178
\pgf@pathminy=\dimen179
\pgf@pathmaxy=\dimen180
\pgf@xx=\dimen181
\pgf@xy=\dimen182
\pgf@yx=\dimen183
\pgf@yy=\dimen184
\pgf@zx=\dimen185
\pgf@zy=\dimen186
) (/usr/share/texlive/texmf-dist/tex/generic/pgf/basiclayer/pgfcorepathconstruct.code.tex
File: pgfcorepathconstruct.code.tex 2023-01-15 v3.1.10 (3.1.10)
\pgf@path@lastx=\dimen187
\pgf@path@lasty=\dimen188
) (/usr/share/texlive/texmf-dist/tex/generic/pgf/basiclayer/pgfcorepathusage.code.tex
File: pgfcorepathusage.code.tex 2023-01-15 v3.1.10 (3.1.10)
\pgf@shorten@end@additional=\dimen189
\pgf@shorten@start@additional=\dimen190
) (/usr/share/texlive/texmf-dist/tex/generic/pgf/basiclayer/pgfcorescopes.code.tex
File: pgfcorescopes.code.tex 2023-01-15 v3.1.10 (3.1.10)
\pgfpic=\box55
\pgf@hbox=\box56
\pgf@layerbox@main=\box57
\pgf@picture@serial@count=\count283
) (/usr/share/texlive/texmf-dist/tex/generic/pgf/basiclayer/pgfcoregraphicstate.code.tex
File: pgfcoregraphicstate.code.tex 2023-01-15 v3.1.10 (3.1.10)
\pgflinewidth=\dimen191
) (/usr/share/texlive/texmf-dist/tex/generic/pgf/basiclayer/pgfcoretransformations.code.tex
File: pgfcoretransformations.code.tex 2023-01-15 v3.1.10 (3.1.10)
\pgf@pt@x=\dimen192
\pgf@pt@y=\dimen193
\pgf@pt@temp=\dimen194
) (/usr/share/texlive/texmf-dist/tex/generic/pgf/basiclayer/pgfcorequick.code.tex
File: pgfcorequick.code.tex 2023-01-15 v3.1.10 (3.1.10)
) (/usr/share/texlive/texmf-dist/tex/generic/pgf/basiclayer/pgfcoreobjects.code.tex
File: pgfcoreobjects.code.tex 2023-01-15 v3.1.10 (3.1.10)
) (/usr/share/texlive/texmf-dist/tex/generic/pgf/basiclayer/pgfcorepathprocessing.code.tex
File: pgfcorepathprocessing.code.tex 2023-01-15 v3.1.10 (3.1.10)
) (/usr/share/texlive/texmf-dist/tex/generic/pgf/basiclayer/pgfcorearrows.code.tex
File: pgfcorearrows.code.tex 2023-01-15 v3.1.10 (3.1.10)
\pgfarrowsep=\dimen195
) (/usr/share/texlive/texmf-dist/tex/generic/pgf/basiclayer/pgfcoreshade.code.tex
File: pgfcoreshade.code.tex 2023-01-15 v3.1.10 (3.1.10)
\pgf@max=\dimen196
\pgf@sys@shading@range@num=\count284
\pgf@shadingcount=\count285
) (/usr/share/texlive/texmf-dist/tex/generic/pgf/basiclayer/pgfcoreimage.code.tex
File: pgfcoreimage.code.tex 2023-01-15 v3.1.10 (3.1.10)
) (/usr/share/texlive/texmf-dist/tex/generic/pgf/basiclayer/pgfcoreexternal.code.tex
File: pgfcoreexternal.code.tex 2023-01-15 v3.1.10 (3.1.10)
\pgfexternal@startupbox=\box58
) (/usr/share/texlive/texmf-dist/tex/generic/pgf/basiclayer/pgfcorelayers.code.tex
File: pgfcorelayers.code.tex 2023-01-15 v3.1.10 (3.1.10)
) (/usr/share/texlive/texmf-dist/tex/generic/pgf/basiclayer/pgfcoretransparency.code.tex
File: pgfcoretransparency.code.tex 2023-01-15 v3.1.10 (3.1.10)
) (/usr/share/texlive/texmf-dist/tex/generic/pgf/basiclayer/pgfcorepatterns.code.tex
File: pgfcorepatterns.code.tex 2023-01-15 v3.1.10 (3.1.10)
) (/usr/share/texlive/texmf-dist/tex/generic/pgf/basiclayer/pgfcorerdf.code.tex
File: pgfcorerdf.code.tex 2023-01-15 v3.1.10 (3.1.10)
))) (/usr/share/texlive/texmf-dist/tex/generic/pgf/modules/pgfmoduleshapes.code.tex
File: pgfmoduleshapes.code.tex 2023-01-15 v3.1.10 (3.1.10)
\pgfnodeparttextbox=\box59
) (/usr/share/texlive/texmf-dist/tex/generic/pgf/modules/pgfmoduleplot.code.tex
File: pgfmoduleplot.code.tex 2023-01-15 v3.1.10 (3.1.10)
) (/usr/share/texlive/texmf-dist/tex/latex/pgf/compatibility/pgfcomp-version-0-65.sty
Package: pgfcomp-version-0-65 2023-01-15 v3.1.10 (3.1.10)
\pgf@nodesepstart=\dimen197
\pgf@nodesepend=\dimen198
) (/usr/share/texlive/texmf-dist/tex/latex/pgf/compatibility/pgfcomp-version-1-18.sty
Package: pgfcomp-version-1-18 2023-01-15 v3.1.10 (3.1.10)
)) (/usr/share/texlive/texmf-dist/tex/latex/pgf/utilities/pgffor.sty (/usr/share/texlive/texmf-dist/tex/latex/pgf/utilities/pgfkeys.sty (/usr/share/texlive/texmf-dist/tex/generic/pgf/utilities/pgfkeys.code.tex)) (/usr/share/texlive/texmf-dist/tex/latex/pgf/math/pgfmath.sty (/usr/share/texlive/texmf-dist/tex/generic/pgf/math/pgfmath.code.tex)) (/usr/share/texlive/texmf-dist/tex/generic/pgf/utilities/pgffor.code.tex
Package: pgffor 2023-01-15 v3.1.10 (3.1.10)
\pgffor@iter=\dimen199
\pgffor@skip=\dimen256
\pgffor@stack=\toks35
\pgffor@toks=\toks36
)) (/usr/share/texlive/texmf-dist/tex/generic/pgf/frontendlayer/tikz/tikz.code.tex
Package: tikz 2023-01-15 v3.1.10 (3.1.10)
 (/usr/share/texlive/texmf-dist/tex/generic/pgf/libraries/pgflibraryplothandlers.code.tex
File: pgflibraryplothandlers.code.tex 2023-01-15 v3.1.10 (3.1.10)
\pgf@plot@mark@count=\count286
\pgfplotmarksize=\dimen257
)
\tikz@lastx=\dimen258
\tikz@lasty=\dimen259
\tikz@lastxsaved=\dimen260
\tikz@lastysaved=\dimen261
\tikz@lastmovetox=\dimen262
\tikz@lastmovetoy=\dimen263
\tikzleveldistance=\dimen264
\tikzsiblingdistance=\dimen265
\tikz@figbox=\box60
\tikz@figbox@bg=\box61
\tikz@tempbox=\box62
\tikz@tempbox@bg=\box63
\tikztreelevel=\count287
\tikznumberofchildren=\count288
\tikznumberofcurrentchild=\count289
\tikz@fig@count=\count290
 (/usr/share/texlive/texmf-dist/tex/generic/pgf/modules/pgfmodulematrix.code.tex
File: pgfmodulematrix.code.tex 2023-01-15 v3.1.10 (3.1.10)
\pgfmatrixcurrentrow=\count291
\pgfmatrixcurrentcolumn=\count292
\pgf@matrix@numberofcolumns=\count293
)
\tikz@expandcount=\count294
 (/usr/share/texlive/texmf-dist/tex/generic/pgf/frontendlayer/tikz/libraries/tikzlibrarytopaths.code.tex
File: tikzlibrarytopaths.code.tex 2023-01-15 v3.1.10 (3.1.10)
))) (/usr/share/texlive/texmf-dist/tex/latex/hyperref/hyperref.sty
Package: hyperref 2022-11-13 v7.00u Hypertext links for LaTeX
 (/usr/share/texlive/texmf-dist/tex/generic/ltxcmds/ltxcmds.sty
Package: ltxcmds 2020-05-10 v1.25 LaTeX kernel commands for general use (HO)
) (/usr/share/texlive/texmf-dist/tex/generic/pdftexcmds/pdftexcmds.sty
Package: pdftexcmds 2020-06-27 v0.33 Utility functions of pdfTeX for LuaTeX (HO)
 (/usr/share/texlive/texmf-dist/tex/generic/infwarerr/infwarerr.sty
Package: infwarerr 2019/12/03 v1.5 Providing info/warning/error messages (HO)
)
Package pdftexcmds Info: \pdf@primitive is available.
Package pdftexcmds Info: \pdf@ifprimitive is available.
Package pdftexcmds Info: \pdfdraftmode found.
) (/usr/share/texlive/texmf-dist/tex/latex/kvsetkeys/kvsetkeys.sty
Package: kvsetkeys 2022-10-05 v1.19 Key value parser (HO)
) (/usr/share/texlive/texmf-dist/tex/generic/kvdefinekeys/kvdefinekeys.sty
Package: kvdefinekeys 2019-12-19 v1.6 Define keys (HO)
) (/usr/share/texlive/texmf-dist/tex/generic/pdfescape/pdfescape.sty
Package: pdfescape 2019/12/09 v1.15 Implements pdfTeX's escape features (HO)
) (/usr/share/texlive/texmf-dist/tex/latex/hycolor/hycolor.sty
Package: hycolor 2020-01-27 v1.10 Color options for hyperref/bookmark (HO)
) (/usr/share/texlive/texmf-dist/tex/latex/letltxmacro/letltxmacro.sty
Package: letltxmacro 2019/12/03 v1.6 Let assignment for LaTeX macros (HO)
) (/usr/share/texlive/texmf-dist/tex/latex/auxhook/auxhook.sty
Package: auxhook 2019-12-17 v1.6 Hooks for auxiliary files (HO)
) (/usr/share/texlive/texmf-dist/tex/latex/hyperref/nameref.sty
Package: nameref 2022-05-17 v2.50 Cross-referencing by name of section
 (/usr/share/texlive/texmf-dist/tex/latex/refcount/refcount.sty
Package: refcount 2019/12/15 v3.6 Data extraction from label references (HO)
) (/usr/share/texlive/texmf-dist/tex/generic/gettitlestring/gettitlestring.sty
Package: gettitlestring 2019/12/15 v1.6 Cleanup title references (HO)
 (/usr/share/texlive/texmf-dist/tex/latex/kvoptions/kvoptions.sty
Package: kvoptions 2022-06-15 v3.15 Key value format for package options (HO)
))
\c@section@level=\count295
)
\@linkdim=\dimen266
\Hy@linkcounter=\count296
\Hy@pagecounter=\count297
 (/usr/share/texlive/texmf-dist/tex/latex/hyperref/pd1enc.def
File: pd1enc.def 2022-11-13 v7.00u Hyperref: PDFDocEncoding definition (HO)
Now handling font encoding PD1 ...
... no UTF-8 mapping file for font encoding PD1
) (/usr/share/texlive/texmf-dist/tex/generic/intcalc/intcalc.sty
Package: intcalc 2019/12/15 v1.3 Expandable calculations with integers (HO)
) (/usr/share/texlive/texmf-dist/tex/generic/etexcmds/etexcmds.sty
Package: etexcmds 2019/12/15 v1.7 Avoid name clashes with e-TeX commands (HO)
)
\Hy@SavedSpaceFactor=\count298
 (/usr/share/texlive/texmf-dist/tex/latex/hyperref/puenc.def
File: puenc.def 2022-11-13 v7.00u Hyperref: PDF Unicode definition (HO)
Now handling font encoding PU ...
... no UTF-8 mapping file for font encoding PU
)
Package hyperref Info: Hyper figures OFF on input line 4162.
Package hyperref Info: Link nesting OFF on input line 4167.
Package hyperref Info: Hyper index ON on input line 4170.
Package hyperref Info: Plain pages OFF on input line 4177.
Package hyperref Info: Backreferencing OFF on input line 4182.
Package hyperref Info: Implicit mode ON; LaTeX internals redefined.
Package hyperref Info: Bookmarks ON on input line 4410.
\c@Hy@tempcnt=\count299
 (/usr/share/texlive/texmf-dist/tex/latex/url/url.sty
\Urlmuskip=\muskip17
Package: url 2013/09/16  ver 3.4  Verb mode for urls, etc.
)
LaTeX Info: Redefining \url on input line 4748.
\XeTeXLinkMargin=\dimen267
 (/usr/share/texlive/texmf-dist/tex/generic/bitset/bitset.sty
Package: bitset 2019/12/09 v1.3 Handle bit-vector datatype (HO)
 (/usr/share/texlive/texmf-dist/tex/generic/bigintcalc/bigintcalc.sty
Package: bigintcalc 2019/12/15 v1.5 Expandable calculations on big integers (HO)
))
\Fld@menulength=\count300
\Field@Width=\dimen268
\Fld@charsize=\dimen269
Package hyperref Info: Hyper figures OFF on input line 6027.
Package hyperref Info: Link nesting OFF on input line 6032.
Package hyperref Info: Hyper index ON on input line 6035.
Package hyperref Info: backreferencing OFF on input line 6042.
Package hyperref Info: Link coloring OFF on input line 6047.
Package hyperref Info: Link coloring with OCG OFF on input line 6052.
Package hyperref Info: PDF/A mode OFF on input line 6057.
 (/usr/share/texlive/texmf-dist/tex/latex/base/atbegshi-ltx.sty
Package: atbegshi-ltx 2021/01/10 v1.0c Emulation of the original atbegshi
package with kernel methods
)
\Hy@abspage=\count301
\c@Item=\count302
\c@Hfootnote=\count303
)
Package hyperref Info: Driver (autodetected): hpdftex.
 (/usr/share/texlive/texmf-dist/tex/latex/hyperref/hpdftex.def
File: hpdftex.def 2022-11-13 v7.00u Hyperref driver for pdfTeX
 (/usr/share/texlive/texmf-dist/tex/latex/base/atveryend-ltx.sty
Package: atveryend-ltx 2020/08/19 v1.0a Emulation of the original atveryend package
with kernel methods
)
\Fld@listcount=\count304
\c@bookmark@seq@number=\count305
 (/usr/share/texlive/texmf-dist/tex/latex/rerunfilecheck/rerunfilecheck.sty
Package: rerunfilecheck 2022-07-10 v1.10 Rerun checks for auxiliary files (HO)
 (/usr/share/texlive/texmf-dist/tex/generic/uniquecounter/uniquecounter.sty
Package: uniquecounter 2019/12/15 v1.4 Provide unlimited unique counter (HO)
)
Package uniquecounter Info: New unique counter `rerunfilecheck' on input line 285.
)
\Hy@SectionHShift=\skip53
) (/usr/share/texlive/texmf-dist/tex/latex/fancyhdr/fancyhdr.sty
Package: fancyhdr 2022/11/09 v4.1 Extensive control of page headers and footers
\f@nch@headwidth=\skip54
\f@nch@O@elh=\skip55
\f@nch@O@erh=\skip56
\f@nch@O@olh=\skip57
\f@nch@O@orh=\skip58
\f@nch@O@elf=\skip59
\f@nch@O@erf=\skip60
\f@nch@O@olf=\skip61
\f@nch@O@orf=\skip62
) (/usr/share/texlive/texmf-dist/tex/latex/lastpage/lastpage.sty
Package: lastpage 2021/09/03 v1.2n Refers to last page's name (HMM; JPG)
) (/usr/share/texlive/texmf-dist/tex/latex/float/float.sty
Package: float 2001/11/08 v1.3d Float enhancements (AL)
\c@float@type=\count306
\float@exts=\toks37
\float@box=\box64
\@float@everytoks=\toks38
\@floatcapt=\box65
)
LaTeX Font Info:    Trying to load font information for T1+ppl on input line 27.
 (/usr/share/texlive/texmf-dist/tex/latex/psnfss/t1ppl.fd
File: t1ppl.fd 2001/06/04 font definitions for T1/ppl.
) (/usr/share/texlive/texmf-dist/tex/latex/l3backend/l3backend-pdftex.def
File: l3backend-pdftex.def 2023-01-16 L3 backend support: PDF output (pdfTeX)
\l__color_backend_stack_int=\count307
\l__pdf_internal_box=\box66
) (./rapport.aux)
\openout1 = `rapport.aux'.

LaTeX Font Info:    Checking defaults for OML/cmm/m/it on input line 27.
LaTeX Font Info:    ... okay on input line 27.
LaTeX Font Info:    Checking defaults for OMS/cmsy/m/n on input line 27.
LaTeX Font Info:    ... okay on input line 27.
LaTeX Font Info:    Checking defaults for OT1/cmr/m/n on input line 27.
LaTeX Font Info:    ... okay on input line 27.
LaTeX Font Info:    Checking defaults for T1/cmr/m/n on input line 27.
LaTeX Font Info:    ... okay on input line 27.
LaTeX Font Info:    Checking defaults for TS1/cmr/m/n on input line 27.
LaTeX Font Info:    ... okay on input line 27.
LaTeX Font Info:    Checking defaults for OMX/cmex/m/n on input line 27.
LaTeX Font Info:    ... okay on input line 27.
LaTeX Font Info:    Checking defaults for U/cmr/m/n on input line 27.
LaTeX Font Info:    ... okay on input line 27.
LaTeX Font Info:    Checking defaults for PD1/pdf/m/n on input line 27.
LaTeX Font Info:    ... okay on input line 27.
LaTeX Font Info:    Checking defaults for PU/pdf/m/n on input line 27.
LaTeX Font Info:    ... okay on input line 27.

*geometry* driver: auto-detecting
*geometry* detected driver: pdftex
*geometry* verbose mode - [ preamble ] result:
* driver: pdftex
* paper: a4paper
* layout: <same size as paper>
* layoutoffset:(h,v)=(0.0pt,0.0pt)
* modes: 
* h-part:(L,W,R)=(71.13188pt, 455.24411pt, 71.13188pt)
* v-part:(T,H,B)=(71.13188pt, 688.5567pt, 85.35826pt)
* \paperwidth=597.50787pt
* \paperheight=845.04684pt
* \textwidth=455.24411pt
* \textheight=688.5567pt
* \oddsidemargin=-1.1381pt
* \evensidemargin=-1.1381pt
* \topmargin=-38.1381pt
* \headheight=12.0pt
* \headsep=25.0pt
* \topskip=11.0pt
* \footskip=30.0pt
* \marginparwidth=59.0pt
* \marginparsep=10.0pt
* \columnsep=10.0pt
* \skip\footins=10.0pt plus 4.0pt minus 2.0pt
* \hoffset=0.0pt
* \voffset=0.0pt
* \mag=1000
* \@twocolumnfalse
* \@twosidefalse
* \@mparswitchfalse
* \@reversemarginfalse
* (1in=72.27pt=25.4mm, 1cm=28.453pt)

(/usr/share/texlive/texmf-dist/tex/context/base/mkii/supp-pdf.mkii
[Loading MPS to PDF converter (version 2006.09.02).]
\scratchcounter=\count308
\scratchdimen=\dimen270
\scratchbox=\box67
\nofMPsegments=\count309
\nofMParguments=\count310
\everyMPshowfont=\toks39
\MPscratchCnt=\count311
\MPscratchDim=\dimen271
\MPnumerator=\count312
\makeMPintoPDFobject=\count313
\everyMPtoPDFconversion=\toks40
) (/usr/share/texlive/texmf-dist/tex/latex/epstopdf-pkg/epstopdf-base.sty
Package: epstopdf-base 2020-01-24 v2.11 Base part for package epstopdf
Package epstopdf-base Info: Redefining graphics rule for `.eps' on input line 485.
 (/usr/share/texlive/texmf-dist/tex/latex/latexconfig/epstopdf-sys.cfg
File: epstopdf-sys.cfg 2010/07/13 v1.3 Configuration of (r)epstopdf for TeX Live
))
Package hyperref Info: Link coloring OFF on input line 27.
 (./rapport.out) (./rapport.out)
\@outlinefile=\write4
\openout4 = `rapport.out'.

Package lastpage Info: Please have a look at the pageslts package at
(lastpage)             https://www.ctan.org/pkg/pageslts
(lastpage)             ! on input line 27.
<figures/epita.png, id=83, 7400.448pt x 5009.7564pt>
File: figures/epita.png Graphic file (type png)
<use figures/epita.png>
Package pdftex.def Info: figures/epita.png  used on input line 37.
(pdftex.def)             Requested size: 153.64384pt x 103.96198pt.
LaTeX Font Info:    Trying to load font information for OT1+ppl on input line 40.
 (/usr/share/texlive/texmf-dist/tex/latex/psnfss/ot1ppl.fd
File: ot1ppl.fd 2001/06/04 font definitions for OT1/ppl.
)
LaTeX Font Info:    Trying to load font information for OML+zplm on input line 40.
 (/usr/share/texlive/texmf-dist/tex/latex/psnfss/omlzplm.fd
File: omlzplm.fd 2002/09/08 Fontinst v1.914 font definitions for OML/zplm.
)
LaTeX Font Info:    Trying to load font information for OMS+zplm on input line 40.
 (/usr/share/texlive/texmf-dist/tex/latex/psnfss/omszplm.fd
File: omszplm.fd 2002/09/08 Fontinst v1.914 font definitions for OMS/zplm.
)
LaTeX Font Info:    Trying to load font information for OMX+zplm on input line 40.
 (/usr/share/texlive/texmf-dist/tex/latex/psnfss/omxzplm.fd
File: omxzplm.fd 2002/09/08 Fontinst v1.914 font definitions for OMX/zplm.
)
LaTeX Font Info:    Trying to load font information for OT1+zplm on input line 40.
 (/usr/share/texlive/texmf-dist/tex/latex/psnfss/ot1zplm.fd
File: ot1zplm.fd 2002/09/08 Fontinst v1.914 font definitions for OT1/zplm.
)
LaTeX Font Info:    Font shape `U/msa/m/n' will be
(Font)              scaled to size 11.40997pt on input line 40.
LaTeX Font Info:    Font shape `U/msa/m/n' will be
(Font)              scaled to size 8.33606pt on input line 40.
LaTeX Font Info:    Font shape `U/msa/m/n' will be
(Font)              scaled to size 6.25204pt on input line 40.
LaTeX Font Info:    Font shape `U/msb/m/n' will be
(Font)              scaled to size 11.40997pt on input line 40.
LaTeX Font Info:    Font shape `U/msb/m/n' will be
(Font)              scaled to size 8.33606pt on input line 40.
LaTeX Font Info:    Font shape `U/msb/m/n' will be
(Font)              scaled to size 6.25204pt on input line 40.
<figures/logo_SCIA-Graphes-1024x768.png, id=85, 1027.84pt x 770.88pt>
File: figures/logo_SCIA-Graphes-1024x768.png Graphic file (type png)
<use figures/logo_SCIA-Graphes-1024x768.png>
Package pdftex.def Info: figures/logo_SCIA-Graphes-1024x768.png  used on input line 44.
(pdftex.def)             Requested size: 143.40028pt x 107.54605pt.
 [1

{/var/lib/texmf/fonts/map/pdftex/updmap/pdftex.map} <./figures/epita.png> <./figures/logo_SCIA-Graphes-1024x768.png>] (./rapport.toc)
\tf@toc=\write5
\openout5 = `rapport.toc'.


pdfTeX warning (ext4): destination with the same identifier (name{page.1}) has been already used, duplicate ignored
<to be read again> 
                   \relax 
l.88     \clearpage
                    [1]
LaTeX Font Info:    Font shape `U/msa/m/n' will be
(Font)              scaled to size 9.37807pt on input line 115.
LaTeX Font Info:    Font shape `U/msa/m/n' will be
(Font)              scaled to size 7.29405pt on input line 115.
LaTeX Font Info:    Font shape `U/msa/m/n' will be
(Font)              scaled to size 5.21004pt on input line 115.
LaTeX Font Info:    Font shape `U/msb/m/n' will be
(Font)              scaled to size 9.37807pt on input line 115.
LaTeX Font Info:    Font shape `U/msb/m/n' will be
(Font)              scaled to size 7.29405pt on input line 115.
LaTeX Font Info:    Font shape `U/msb/m/n' will be
(Font)              scaled to size 5.21004pt on input line 115.
LaTeX Font Info:    Trying to load font information for T1+cmtt on input line 115.
 (/usr/share/texlive/texmf-dist/tex/latex/base/t1cmtt.fd
File: t1cmtt.fd 2022/07/10 v2.5l Standard LaTeX font definitions
) [2

]
Overfull \hbox (13.634pt too wide) in paragraph at lines 125--126
[]\T1/ppl/m/n/10.95 Les 35 vari-ables ex-plica-tives cou-vrent l'ensemble des di-men-sions per-ti-nentes pour l'évaluation
 []

LaTeX Font Info:    Font shape `U/msa/m/n' will be
(Font)              scaled to size 10.42007pt on input line 130.
LaTeX Font Info:    Font shape `U/msa/m/n' will be
(Font)              scaled to size 7.91925pt on input line 130.
LaTeX Font Info:    Font shape `U/msb/m/n' will be
(Font)              scaled to size 10.42007pt on input line 130.
LaTeX Font Info:    Font shape `U/msb/m/n' will be
(Font)              scaled to size 7.91925pt on input line 130.

Underfull \hbox (badness 10000) in paragraph at lines 135--136
[]\T1/cmtt/m/n/10 Age\T1/ppl/m/n/10 , \T1/cmtt/m/n/10 Experience\T1/ppl/m/n/10 , \T1/cmtt/m/n/10 NumberOfDependents\T1/ppl/m/n/10 ,
 []


Underfull \hbox (badness 10000) in paragraph at lines 137--138
[]\T1/cmtt/m/n/10 EducationLevel\T1/ppl/m/n/10 , \T1/cmtt/m/n/10 EmploymentStatus\T1/ppl/m/n/10 ,
 []


Underfull \hbox (badness 10000) in paragraph at lines 139--140
[]\T1/cmtt/m/n/10 AnnualIncome\T1/ppl/m/n/10 , \T1/cmtt/m/n/10 MonthlyIncome\T1/ppl/m/n/10 ,
 []


Underfull \hbox (badness 10000) in paragraph at lines 139--140
\T1/cmtt/m/n/10 TotalAssets\T1/ppl/m/n/10 , \T1/cmtt/m/n/10 NetWorth\T1/ppl/m/n/10 ,
 []


Underfull \hbox (badness 10000) in paragraph at lines 139--140
\T1/cmtt/m/n/10 SavingsAccountBalance\T1/ppl/m/n/10 ,
 []


Underfull \hbox (badness 10000) in paragraph at lines 141--142
[]\T1/cmtt/m/n/10 CreditScore\T1/ppl/m/n/10 , \T1/cmtt/m/n/10 LengthOfCreditHistory\T1/ppl/m/n/10 ,
 []


Underfull \hbox (badness 10000) in paragraph at lines 141--142
\T1/cmtt/m/n/10 PaymentHistory\T1/ppl/m/n/10 , \T1/cmtt/m/n/10 PreviousLoanDefaults\T1/ppl/m/n/10 ,
 []


Underfull \hbox (badness 10000) in paragraph at lines 143--144
[]\T1/cmtt/m/n/10 NumberOfOpenCreditLines\T1/ppl/m/n/10 ,
 []


Underfull \hbox (badness 10000) in paragraph at lines 143--144
\T1/cmtt/m/n/10 NumberOfCreditInquiries\T1/ppl/m/n/10 ,
 []


Underfull \hbox (badness 7649) in paragraph at lines 145--146
[]\T1/cmtt/m/n/10 TotalLiabilities\T1/ppl/m/n/10 , \T1/cmtt/m/n/10 MonthlyDebtPayments\T1/ppl/m/n/10 ,
 []


Underfull \hbox (badness 10000) in paragraph at lines 145--146
\T1/cmtt/m/n/10 DebtToIncomeRatio\T1/ppl/m/n/10 ,
 []


Underfull \hbox (badness 10000) in paragraph at lines 147--148
[]\T1/cmtt/m/n/10 LoanAmount\T1/ppl/m/n/10 , \T1/cmtt/m/n/10 LoanDuration\T1/ppl/m/n/10 ,
 []


Underfull \hbox (badness 10000) in paragraph at lines 147--148
\T1/cmtt/m/n/10 MonthlyLoanPayment\T1/ppl/m/n/10 , \T1/cmtt/m/n/10 InterestRate\T1/ppl/m/n/10 ,
 []

[3
pdfTeX warning (ext4): destination with the same identifier (name{table.1}) has been already used, duplicate ignored
<argument> ...shipout:D \box_use:N \l_shipout_box 
                                                  \__shipout_drop_firstpage_...
l.162 
      ]
<figures/distribution_cible_regression.png, id=143, 1377.145pt x 566.115pt>
File: figures/distribution_cible_regression.png Graphic file (type png)
<use figures/distribution_cible_regression.png>
Package pdftex.def Info: figures/distribution_cible_regression.png  used on input line 173.
(pdftex.def)             Requested size: 409.71692pt x 168.42778pt.
<figures/matrice_corr_regression.png, id=145, 923.45pt x 826.08624pt>
File: figures/matrice_corr_regression.png Graphic file (type png)
<use figures/matrice_corr_regression.png>
Package pdftex.def Info: figures/matrice_corr_regression.png  used on input line 184.
(pdftex.def)             Requested size: 218.51521pt x 195.46642pt.
<figures/regression_most_correlated_bivariee.png, id=146, 611.28375pt x 494.84875pt>
File: figures/regression_most_correlated_bivariee.png Graphic file (type png)
<use figures/regression_most_correlated_bivariee.png>
Package pdftex.def Info: figures/regression_most_correlated_bivariee.png  used on input line 191.
(pdftex.def)             Requested size: 218.51521pt x 176.89198pt.
 [4
pdfTeX warning (ext4): destination with the same identifier (name{figure.1}) has been already used, duplicate ignored
<argument> ...shipout:D \box_use:N \l_shipout_box 
                                                  \__shipout_drop_firstpage_...
l.195     \end{figure}
                       <./figures/distribution_cible_regression.png>]
<figures/matrice_corr_cible_regression.png, id=158, 820.06375pt x 810.02625pt>
File: figures/matrice_corr_cible_regression.png Graphic file (type png)
<use figures/matrice_corr_cible_regression.png>
Package pdftex.def Info: figures/matrice_corr_cible_regression.png  used on input line 206.
(pdftex.def)             Requested size: 133.84059pt x 132.20244pt.

Overfull \hbox (3.34322pt too wide) in paragraph at lines 197--211
[][] [] 
 []


Overfull \hbox (33.5278pt too wide) in paragraph at lines 214--215
\T1/ppl/m/n/10.95 Le pré-traite-ment des don-nées s'effectue en plusieurs étapes suc-ces-sives. La vari-able \T1/cmtt/m/n/10.95 ApplicationDate\T1/ppl/m/n/10.95 ,
 []


Overfull \hbox (15.37196pt too wide) in paragraph at lines 216--217
[]\T1/ppl/m/n/10.95 Les vari-ables caté-gorielles (\T1/cmtt/m/n/10.95 EmploymentStatus\T1/ppl/m/n/10.95 , \T1/cmtt/m/n/10.95 EducationLevel\T1/ppl/m/n/10.95 , \T1/cmtt/m/n/10.95 MaritalStatus\T1/ppl/m/n/10.95 , \T1/cmtt/m/n/10.95 LoanPurpose\T1/ppl/m/n/10.95 ,
 []

[5
pdfTeX warning (ext4): destination with the same identifier (name{figure.2}) has been already used, duplicate ignored
<argument> ...shipout:D \box_use:N \l_shipout_box 
                                                  \__shipout_drop_firstpage_...
l.218     \newpage
                  
pdfTeX warning (ext4): destination with the same identifier (name{figure.3}) has been already used, duplicate ignored
<argument> ...shipout:D \box_use:N \l_shipout_box 
                                                  \__shipout_drop_firstpage_...
l.218     \newpage
                  
pdfTeX warning (ext4): destination with the same identifier (name{figure.4}) has been already used, duplicate ignored
<argument> ...shipout:D \box_use:N \l_shipout_box 
                                                  \__shipout_drop_firstpage_...
l.218     \newpage
                   <./figures/matrice_corr_regression.png> <./figures/regression_most_correlated_bivariee.png> <./figures/matrice_corr_cible_regression.png>] [6]
LaTeX Font Info:    Trying to load font information for U+fplmbb on input line 253.
 (/usr/share/texlive/texmf-dist/tex/latex/psnfss/ufplmbb.fd
File: ufplmbb.fd 2003/10/30 Fontinst v1.914 font definitions for U/fplmbb.
)
<figures/quantile_reg_coverages.png, id=177, 1003.8303pt x 722.7pt>
File: figures/quantile_reg_coverages.png Graphic file (type png)
<use figures/quantile_reg_coverages.png>
Package pdftex.def Info: figures/quantile_reg_coverages.png  used on input line 260.
(pdftex.def)             Requested size: 318.66948pt x 229.42712pt.
 [7]
Overfull \hbox (6.98198pt too wide) in paragraph at lines 292--293
\T1/ppl/m/n/10.95 qu'une sélec-tion rigoureuse de vari-ables ($\OMS/zplm/m/n/10.95 j$\T1/ppl/m/n/10.95 corr$\OMS/zplm/m/n/10.95 j$ $^^U$ \T1/ppl/m/n/10.95 0.3) suf-fit à cap-turer l'essentiel de l'information
 []

<figures/comparaison_quantile_reg_mod_1.png, id=191, 1293.633pt x 437.2335pt>
File: figures/comparaison_quantile_reg_mod_1.png Graphic file (type png)
<use figures/comparaison_quantile_reg_mod_1.png>
Package pdftex.def Info: figures/comparaison_quantile_reg_mod_1.png  used on input line 298.
(pdftex.def)             Requested size: 455.24411pt x 153.86797pt.
[8
pdfTeX warning (ext4): destination with the same identifier (name{figure.5}) has been already used, duplicate ignored
<argument> ...shipout:D \box_use:N \l_shipout_box 
                                                  \__shipout_drop_firstpage_...
l.302 
      
pdfTeX warning (ext4): destination with the same identifier (name{table.2}) has been already used, duplicate ignored
<argument> ...shipout:D \box_use:N \l_shipout_box 
                                                  \__shipout_drop_firstpage_...
l.302 
       <./figures/quantile_reg_coverages.png>] [9
pdfTeX warning (ext4): destination with the same identifier (name{figure.6}) has been already used, duplicate ignored
<argument> ...shipout:D \box_use:N \l_shipout_box 
                                                  \__shipout_drop_firstpage_...
l.324 
       <./figures/comparaison_quantile_reg_mod_1.png>]
Overfull \hbox (1.17242pt too wide) in paragraph at lines 331--332
[]\T1/ppl/b/n/10.95 SCP \T1/ppl/m/n/10.95 et \T1/ppl/b/n/10.95 CV+ \T1/ppl/m/n/10.95 of-frent le meilleur com-pro-mis rigueur/applicabilité pour l'évaluation du risque
 []

LaTeX Font Info:    Trying to load font information for TS1+ppl on input line 368.
(/usr/share/texlive/texmf-dist/tex/latex/psnfss/ts1ppl.fd
File: ts1ppl.fd 2001/06/04 font definitions for TS1/ppl.
) [10]
<figures/pred_conform_regression_results.png, id=220, 1438.173pt x 859.2903pt>
File: figures/pred_conform_regression_results.png Graphic file (type png)
<use figures/pred_conform_regression_results.png>
Package pdftex.def Info: figures/pred_conform_regression_results.png  used on input line 381.
(pdftex.def)             Requested size: 455.24411pt x 272.00215pt.
<figures/pred_conform_regression_cover.png, id=221, 1003.8303pt x 426.393pt>
File: figures/pred_conform_regression_cover.png Graphic file (type png)
<use figures/pred_conform_regression_cover.png>
Package pdftex.def Info: figures/pred_conform_regression_cover.png  used on input line 390.
(pdftex.def)             Requested size: 455.24411pt x 193.3715pt.
 [11
pdfTeX warning (ext4): destination with the same identifier (name{table.3}) has been already used, duplicate ignored
<argument> ...shipout:D \box_use:N \l_shipout_box 
                                                  \__shipout_drop_firstpage_...
l.394 
      
pdfTeX warning (ext4): destination with the same identifier (name{figure.7}) has been already used, duplicate ignored
<argument> ...shipout:D \box_use:N \l_shipout_box 
                                                  \__shipout_drop_firstpage_...
l.394 
       <./figures/pred_conform_regression_results.png>]
Overfull \hbox (3.20346pt too wide) in paragraph at lines 397--398
\T1/ppl/m/n/10.95 À l'instar de la ré-gres-sion quan-tile, la pré-dic-tion con-forme four-nit non pas une valeur ponctuelle
 []

[12
pdfTeX warning (ext4): destination with the same identifier (name{figure.8}) has been already used, duplicate ignored
<argument> ...shipout:D \box_use:N \l_shipout_box 
                                                  \__shipout_drop_firstpage_...
l.419 
       <./figures/pred_conform_regression_cover.png>]
Overfull \hbox (4.96663pt too wide) in paragraph at lines 420--421
\T1/ppl/m/n/10.95 secteurs d'activité dif-férents, of-frant une di-ver-sité sec-to-rielle représen-ta-tive du tissu économique
 []


Overfull \hbox (5.80038pt too wide) in paragraph at lines 426--427
\T1/ppl/m/n/10.95 déséquili-bre, avec un ra-tio max-i-mum/minimum de 671:1, né-ces-site un re-groupe-ment des classes
 []


Underfull \hbox (badness 10000) in paragraph at lines 438--439
[]\T1/cmtt/m/n/10 currentRatio\T1/ppl/m/n/10 , \T1/cmtt/m/n/10 quickRatio\T1/ppl/m/n/10 , \T1/cmtt/m/n/10 cashRatio\T1/ppl/m/n/10 ,
 []


Underfull \hbox (badness 10000) in paragraph at lines 440--441
[]\T1/cmtt/m/n/10 netProfitMargin\T1/ppl/m/n/10 , \T1/cmtt/m/n/10 returnOnAssets\T1/ppl/m/n/10 ,
 []


Underfull \hbox (badness 10000) in paragraph at lines 440--441
\T1/cmtt/m/n/10 returnOnEquity\T1/ppl/m/n/10 , \T1/cmtt/m/n/10 returnOnCapitalEmployed\T1/ppl/m/n/10 ,
 []


Underfull \hbox (badness 10000) in paragraph at lines 440--441
\T1/cmtt/m/n/10 operatingProfitMargin\T1/ppl/m/n/10 , \T1/cmtt/m/n/10 grossProfitMargin\T1/ppl/m/n/10 ,
 []


Underfull \hbox (badness 10000) in paragraph at lines 442--443
[]\T1/cmtt/m/n/10 assetTurnover\T1/ppl/m/n/10 , \T1/cmtt/m/n/10 fixedAssetTurnover\T1/ppl/m/n/10 ,
 []


Underfull \hbox (badness 10000) in paragraph at lines 444--445
[]\T1/cmtt/m/n/10 debtEquityRatio\T1/ppl/m/n/10 , \T1/cmtt/m/n/10 debtRatio\T1/ppl/m/n/10 ,
 []


Underfull \hbox (badness 10000) in paragraph at lines 446--447
[]\T1/cmtt/m/n/10 freeCashFlowPerShare\T1/ppl/m/n/10 ,
 []


Underfull \hbox (badness 10000) in paragraph at lines 446--447
\T1/cmtt/m/n/10 operatingCashFlowPerShare\T1/ppl/m/n/10 ,
 []


Underfull \hbox (badness 10000) in paragraph at lines 446--447
\T1/cmtt/m/n/10 freeCashFlowOperatingCashFlowRatio\T1/ppl/m/n/10 ,
 []


LaTeX Warning: `h' float specifier changed to `ht'.

[13]
Overfull \hbox (11.97153pt too wide) in paragraph at lines 464--465
[]\T1/ppl/m/n/10.95 De plus, le re-groupe-ment des classes en 6 caté-gories co-hérentes (IG_HIGH, IG_MED, IG_LOW
 []


Overfull \hbox (3.70891pt too wide) in paragraph at lines 464--465
\T1/ppl/m/n/10.95 pour In-vest-ment Grade ; SPEC_HIGH, SPEC_MED, SPEC_LOW pour Spec-u-la-tive Grade) aligne
 []

<figures/classif_cible_distrib.png, id=253, 801.4743pt x 354.123pt>
File: figures/classif_cible_distrib.png Graphic file (type png)
<use figures/classif_cible_distrib.png>
Package pdftex.def Info: figures/classif_cible_distrib.png  used on input line 473.
(pdftex.def)             Requested size: 409.71692pt x 181.0272pt.
[14
pdfTeX warning (ext4): destination with the same identifier (name{table.4}) has been already used, duplicate ignored
<argument> ...shipout:D \box_use:N \l_shipout_box 
                                                  \__shipout_drop_firstpage_...
l.477 
      ]
Overfull \hbox (4.91234pt too wide) in paragraph at lines 478--479
\T1/ppl/m/n/10.95 tiques fi-nan-cières réelles (Fig-ure []10[]). Cette trans-for-ma-tion améliore con-sid-érable-ment l'équilibre
 []

<figures/classif_cible_distrib_new.png, id=263, 955.4094pt x 426.393pt>
File: figures/classif_cible_distrib_new.png Graphic file (type png)
<use figures/classif_cible_distrib_new.png>
Package pdftex.def Info: figures/classif_cible_distrib_new.png  used on input line 482.
(pdftex.def)             Requested size: 409.71692pt x 182.85094pt.
<figures/classif_corr.png, id=265, 814.4829pt x 712.5822pt>
File: figures/classif_corr.png Graphic file (type png)
<use figures/classif_corr.png>
Package pdftex.def Info: figures/classif_corr.png  used on input line 491.
(pdftex.def)             Requested size: 318.66948pt x 278.79753pt.
[15
pdfTeX warning (ext4): destination with the same identifier (name{figure.9}) has been already used, duplicate ignored
<argument> ...shipout:D \box_use:N \l_shipout_box 
                                                  \__shipout_drop_firstpage_...
l.495 
      
pdfTeX warning (ext4): destination with the same identifier (name{figure.10}) has been already used, duplicate ignored
<argument> ...shipout:D \box_use:N \l_shipout_box 
                                                  \__shipout_drop_firstpage_...
l.495 
       <./figures/classif_cible_distrib.png> <./figures/classif_cible_distrib_new.png>]
Overfull \hbox (3.44283pt too wide) in paragraph at lines 496--497
\T1/ppl/m/n/10.95 (+0.025) sont pos-i-tive-ment cor-rélés avec un meilleur rat-ing, tan-dis que les in-di-ca-teurs \T1/cmtt/m/n/10.95 payables-
 []

<figures/matrice_corr_cible_classif.png, id=276, 714.7503pt x 570.933pt>
File: figures/matrice_corr_cible_classif.png Graphic file (type png)
<use figures/matrice_corr_cible_classif.png>
Package pdftex.def Info: figures/matrice_corr_cible_classif.png  used on input line 500.
(pdftex.def)             Requested size: 364.19667pt x 290.91933pt.
[16
pdfTeX warning (ext4): destination with the same identifier (name{figure.11}) has been already used, duplicate ignored
<argument> ...shipout:D \box_use:N \l_shipout_box 
                                                  \__shipout_drop_firstpage_...
l.504 
       <./figures/classif_corr.png>]
Overfull \hbox (29.02393pt too wide) in paragraph at lines 507--508
\T1/ppl/m/n/10.95 Le pré-traite-ment des don-nées s'effectue en plusieurs étapes suc-ces-sives. Les vari-ables d'identification
 []

[17
pdfTeX warning (ext4): destination with the same identifier (name{figure.12}) has been already used, duplicate ignored
<argument> ...shipout:D \box_use:N \l_shipout_box 
                                                  \__shipout_drop_firstpage_...
l.530     \subsubsection
                        *{Split Conformal Prediction (SCP)} <./figures/matrice_corr_cible_classif.png>]
Overfull \hbox (0.77264pt too wide) in paragraph at lines 538--539
\T1/ppl/m/n/10.95 CCP ex-ploite la val-i-da-tion croisée K-folds pour max-imiser l'utilisation des don-nées disponibles.
 []


Overfull \hbox (42.3582pt too wide) in paragraph at lines 558--559
\T1/ppl/m/n/10.95 per-paramètres testés in-clu-ent \T1/cmtt/m/n/10.95 n_estimators $\OMS/zplm/m/n/10.95 2$ \T1/ppl/m/n/10.95 {100, 200, 300}, \T1/cmtt/m/n/10.95 max_depth $\OMS/zplm/m/n/10.95 2$ \T1/ppl/m/n/10.95 {5, 8, 10}, \T1/cmtt/m/n/10.95 min_samples_split
 []


Overfull \hbox (10.02588pt too wide) in paragraph at lines 558--559
\T1/ppl/m/n/10.95 la com-plex-ité du prob-lème ont lim-ité la pré-ci-sion du meilleure mod-èle à en-v-i-ron 49% d'exactitude
 []

[18]
<figures/pred_conform_classification.png, id=305, 1003.8303pt x 354.123pt>
File: figures/pred_conform_classification.png Graphic file (type png)
<use figures/pred_conform_classification.png>
Package pdftex.def Info: figures/pred_conform_classification.png  used on input line 600.
(pdftex.def)             Requested size: 455.24411pt x 160.59666pt.


LaTeX Warning: `h' float specifier changed to `ht'.


Overfull \hbox (3.28188pt too wide) in paragraph at lines 605--606
\T1/ppl/m/n/10.95 d'ensembles sim-i-laires (2.65 à 2.86), in-di-quant une dif-fi-culté com-pa-ra-ble à dis-crim-iner les classes
 []


Underfull \hbox (badness 10000) in paragraph at lines 619--619
[]\T1/ppl/m/n/10 IG_LOW, SPEC_HIGH,
 []


Underfull \hbox (badness 10000) in paragraph at lines 619--620
[]\T1/ppl/m/n/10 IG_LOW, SPEC_HIGH,
 []


Underfull \hbox (badness 10000) in paragraph at lines 621--621
[]\T1/ppl/m/n/10 IG_HIGH, IG_LOW,
 []


Underfull \hbox (badness 10000) in paragraph at lines 621--622
[]\T1/ppl/m/n/10 IG_HIGH, IG_LOW,
 []


Underfull \hbox (badness 10000) in paragraph at lines 625--626
[]\T1/ppl/m/n/10 IG_LOW, SPEC_HIGH,
 []


Underfull \hbox (badness 10000) in paragraph at lines 627--628
[]\T1/ppl/m/n/10 IG_LOW, IG_MED,
 []


Underfull \hbox (badness 10000) in paragraph at lines 629--629
[]\T1/ppl/m/n/10 IG_LOW, IG_MED,
 []


Underfull \hbox (badness 10000) in paragraph at lines 629--630
[]\T1/ppl/m/n/10 IG_LOW, IG_MED,
 []


Underfull \hbox (badness 10000) in paragraph at lines 631--632
[]\T1/ppl/m/n/10 IG_LOW, IG_MED,
 []


Underfull \hbox (badness 10000) in paragraph at lines 633--633
[]\T1/ppl/m/n/10 IG_LOW, IG_MED,
 []


Underfull \hbox (badness 10000) in paragraph at lines 633--634
[]\T1/ppl/m/n/10 IG_LOW, IG_MED,
 []


Underfull \hbox (badness 10000) in paragraph at lines 635--635
[]\T1/ppl/m/n/10 IG_LOW, IG_MED,
 []


Underfull \hbox (badness 10000) in paragraph at lines 635--636
[]\T1/ppl/m/n/10 IG_LOW, IG_MED,
 []


Underfull \hbox (badness 10000) in paragraph at lines 637--637
[]\T1/ppl/m/n/10 IG_LOW, IG_MED,
 []


Underfull \hbox (badness 10000) in paragraph at lines 637--638
[]\T1/ppl/m/n/10 IG_LOW, IG_MED,
 []


LaTeX Warning: `h' float specifier changed to `ht'.

[19
pdfTeX warning (ext4): destination with the same identifier (name{table.5}) has been already used, duplicate ignored
<argument> ...shipout:D \box_use:N \l_shipout_box 
                                                  \__shipout_drop_firstpage_...
l.645 
      ] [20
pdfTeX warning (ext4): destination with the same identifier (name{figure.13}) has been already used, duplicate ignored
<argument> ...shipout:D \box_use:N \l_shipout_box 
                                                  \__shipout_drop_firstpage_...
l.663 
       <./figures/pred_conform_classification.png>] (./rapport.bbl) 
AED: lastpage setting LastPage
[21
pdfTeX warning (ext4): destination with the same identifier (name{table.6}) has been already used, duplicate ignored
<argument> ...shipout:D \box_use:N \l_shipout_box 
                                                  \__shipout_drop_firstpage_...
l.675 \end{document}
                    ] (./rapport.aux)
Package rerunfilecheck Info: File `rapport.out' has not changed.
(rerunfilecheck)             Checksum: 21EFB47E264293014F852EF9FCBB9316;4515.
 ) 
Here is how much of TeX's memory you used:
 21454 strings out of 478051
 397303 string characters out of 5840942
 1867330 words of memory out of 5000000
 41048 multiletter control sequences out of 15000+600000
 570681 words of font info for 167 fonts, out of 8000000 for 9000
 14 hyphenation exceptions out of 8191
 84i,12n,89p,1128b,475s stack positions out of 10000i,1000n,20000p,200000b,200000s
 </home/r-one/.texlive2022/texmf-var/fonts/pk/ljfour/jknappen/ec/ectt1000.600pk> </home/r-one/.texlive2022/texmf-var/fonts/pk/ljfour/jknappen/ec/ectt0900.600pk> </home/r-one/.texlive2022/texmf-var/fonts/pk/ljfour/jknappen/ec/ectt1095.600pk>{/usr/share/texlive/texmf-dist/fonts/enc/dvips/base/8r.enc}</usr/share/texlive/texmf-dist/fonts/type1/public/amsfonts/cm/cmex10.pfb></usr/share/texlive/texmf-dist/fonts/type1/public/amsfonts/cm/cmmi10.pfb></usr/share/texlive/texmf-dist/fonts/type1/public/amsfonts/cm/cmr10.pfb></usr/share/texlive/texmf-dist/fonts/type1/public/amsfonts/cm/cmsy10.pfb></usr/share/texlive/texmf-dist/fonts/type1/public/mathpazo/fplmbb.pfb></usr/share/texlive/texmf-dist/fonts/type1/public/mathpazo/fplmr.pfb></usr/share/texlive/texmf-dist/fonts/type1/public/mathpazo/fplmri.pfb></usr/share/texlive/texmf-dist/fonts/type1/urw/palatino/uplb8a.pfb></usr/share/texlive/texmf-dist/fonts/type1/urw/palatino/uplr8a.pfb></usr/share/texlive/texmf-dist/fonts/type1/urw/palatino/uplri8a.pfb>
Output written on rapport.pdf (22 pages, 1825433 bytes).
PDF statistics:
 523 PDF objects out of 1000 (max. 8388607)
 330 compressed objects within 4 object streams
 100 named destinations out of 1000 (max. 500000)
 240 words of extra memory for PDF output out of 10000 (max. 10000000)

